<?xml version="1.0" encoding="UTF-8"?>
<!-- Generated by org.testng.reporters.JUnitXMLReporter -->
<testsuite hostname="Raghunaths-MacBook-Pro.local" ignored="0" name="Free CRM Test Cases" tests="6" failures="1" timestamp="11 May 2020 04:36:48 GMT" time="35.087" errors="0">
  <testcase name="loginPageTitleTest" time="0.058" classname="com.crm.qa.testcases.LoginPageTest"/>
  <testcase name="verifyHomePageTitleTest" time="0.014" classname="com.crm.qa.testcases.HomePageTest">
    <failure type="java.lang.AssertionError" message="CRMPRO expected:&amp;lt;CRMPRO&amp;gt; but was:&amp;lt;Home Page Title is not matched&amp;gt;">
      <![CDATA[java.lang.AssertionError: CRMPRO expected:<CRMPRO> but was:<Home Page Title is not matched>
at com.crm.qa.testcases.HomePageTest.verifyHomePageTitleTest(HomePageTest.java:41)
... Removed 26 stack frames]]>
    </failure>
  </testcase> <!-- verifyHomePageTitleTest -->
  <testcase name="crmLogoTest" time="0.106" classname="com.crm.qa.testcases.LoginPageTest"/>
  <testcase name="verifyUserNameTest" time="0.108" classname="com.crm.qa.testcases.HomePageTest"/>
  <testcase name="loginTest" time="3.022" classname="com.crm.qa.testcases.LoginPageTest"/>
  <testcase name="verifyContactsLinkTest" time="0.885" classname="com.crm.qa.testcases.HomePageTest"/>
</testsuite> <!-- Free CRM Test Cases -->
