<?xml version="1.0" encoding="UTF-8"?>
<!-- Generated by org.testng.reporters.JUnitXMLReporter -->
<testsuite hostname="Raghunaths-MacBook-Pro.local" ignored="0" name="Free CRM App Test Cases" tests="6" failures="1" timestamp="11 May 2020 04:35:56 GMT" time="39.637" errors="0">
  <testcase name="loginPageTitleTest" time="0.164" classname="com.crm.qa.testcases.LoginPageTest"/>
  <testcase name="verifyHomePageTitleTest" time="0.03" classname="com.crm.qa.testcases.HomePageTest">
    <failure type="java.lang.AssertionError" message="CRMPRO expected:&amp;lt;CRMPRO&amp;gt; but was:&amp;lt;Home Page Title is not matched&amp;gt;">
      <![CDATA[java.lang.AssertionError: CRMPRO expected:<CRMPRO> but was:<Home Page Title is not matched>
at com.crm.qa.testcases.HomePageTest.verifyHomePageTitleTest(HomePageTest.java:41)
... Removed 26 stack frames]]>
    </failure>
  </testcase> <!-- verifyHomePageTitleTest -->
  <testcase name="crmLogoTest" time="0.123" classname="com.crm.qa.testcases.LoginPageTest"/>
  <testcase name="verifyUserNameTest" time="0.181" classname="com.crm.qa.testcases.HomePageTest"/>
  <testcase name="loginTest" time="2.736" classname="com.crm.qa.testcases.LoginPageTest"/>
  <testcase name="verifyContactsLinkTest" time="0.856" classname="com.crm.qa.testcases.HomePageTest"/>
</testsuite> <!-- Free CRM App Test Cases -->
